Exception at PC 0x00007FF9A9B63B29
Exception at PC 0x00007FF9A9B63B29
Exception at PC 0x00007FF9A9B63B29
Exception at PC 0x00007FF9A9B63B29
Exception at PC 0x00007FF93FF8E132
Attemped to write at address 0x00007FF93D4B4AA4
Printing stacktrace...

[0]  [0x00007FF93FF8E132]
[1]  [0x00007FF93FF8E132]
[2]  [0x00007FF93FF8E194]
[3]  [0x00007FF93FBDD0D7]
[4]  [0x00007FF93FAC2BCA]
[5]  [0x00007FF93FAC2FD1]
[6]  [0x00007FF93FF8EB2F]
[7]  [0x00007FF93FE4C19D]
[8]  [0x00007FF93FE45942]
[9]  [0x00007FF93FE45AB5]
[10] (RtlActivateActivationContextUnsafeFast+0x121) [0x00007FF9ACA65021]
[11] (LdrShutdownProcess+0x132) [0x00007FF9ACAAAAD2]
[12] (RtlExitUserProcess+0xad) [0x00007FF9ACAAA97D]
[13] (ExitProcess+0xa) [0x00007FF9AC7FCDDA]
[14] (exit+0x85) [0x00007FF9AB9CA245]
[15] (initterm_e+0x245) [0x00007FF9AB9CA8B5]
[16]  [0x00000000004014CD]
[17]  [0x000000000040151B]
[18] (BaseThreadInitThunk+0x14) [0x00007FF9AC7F7C24]
[19] (RtlUserThreadStart+0x21) [0x00007FF9ACAACEA1]
Done
