#-----------------------------------------------------------
# Vivado v2017.4 (64-bit)
# SW Build 2086221 on Fri Dec 15 20:55:39 MST 2017
# IP Build 2085800 on Fri Dec 15 22:25:07 MST 2017
# Start of session at: Sun Nov  1 17:33:51 2020
# Process ID: 19152
# Current directory: C:/Users/lenovo/Desktop/fpga/fpga/project_3bit
# Command line: vivado.exe -gui_launcher_event rodinguilauncherevent27484 C:\Users\lenovo\Desktop\fpga\fpga\project_3bit\project_3bit.xpr
# Log file: C:/Users/lenovo/Desktop/fpga/fpga/project_3bit/vivado.log
# Journal file: C:/Users/lenovo/Desktop/fpga/fpga/project_3bit\vivado.jou
#-----------------------------------------------------------
start_gui
open_project C:/Users/lenovo/Desktop/fpga/fpga/project_3bit/project_3bit.xpr
Scanning sources...
Finished scanning sources
INFO: [IP_Flow 19-234] Refreshing IP repositories
INFO: [IP_Flow 19-1704] No user IP repositories specified
INFO: [IP_Flow 19-2313] Loaded Vivado IP repository 'D:/vivado2017.4/Vivado/2017.4/data/ip'.
open_project: Time (s): cpu = 00:00:15 ; elapsed = 00:00:12 . Memory (MB): peak = 760.676 ; gain = 96.395
update_compile_order -fileset sources_1
exit
INFO: [Common 17-206] Exiting Vivado at Sun Nov  1 20:07:40 2020...

